0 info it worked if it ends with ok
1 verbose cli [ 'node',
1 verbose cli   '/usr/local/lib/node_modules/cnpm/node_modules/.bin/npm',
1 verbose cli   '--userconfig=/Users/whwei/.cnpmrc',
1 verbose cli   '--disturl=http://dist.cnpmjs.org',
1 verbose cli   '--cache=/Users/whwei/.npm/.cache_cnpm',
1 verbose cli   '--registry=http://r.cnpmjs.org',
1 verbose cli   'install',
1 verbose cli   'base64' ]
2 info using npm@1.4.6
3 info using node@v0.11.11
4 warn package.json rfid-planning-sml@0.0.0 No description
5 warn package.json rfid-planning-sml@0.0.0 No README data
6 verbose readDependencies using package.json deps
7 verbose cache add [ 'base64', null ]
8 verbose cache add name=undefined spec="base64" args=["base64",null]
9 verbose parsed url { protocol: null,
9 verbose parsed url   slashes: null,
9 verbose parsed url   auth: null,
9 verbose parsed url   host: null,
9 verbose parsed url   port: null,
9 verbose parsed url   hostname: null,
9 verbose parsed url   hash: null,
9 verbose parsed url   search: null,
9 verbose parsed url   query: null,
9 verbose parsed url   pathname: 'base64',
9 verbose parsed url   path: 'base64',
9 verbose parsed url   href: 'base64' }
10 silly lockFile 8095e159-base64 base64
11 verbose lock base64 /Users/whwei/.npm/.cache_cnpm/8095e159-base64.lock
12 silly lockFile 8095e159-base64 base64
13 silly lockFile 8095e159-base64 base64
14 verbose addNamed [ 'base64', '' ]
15 verbose addNamed [ null, '*' ]
16 silly lockFile 1817acd8-base64 base64@
17 verbose lock base64@ /Users/whwei/.npm/.cache_cnpm/1817acd8-base64.lock
18 silly addNameRange { name: 'base64', range: '*', hasData: false }
19 verbose url raw base64
20 verbose url resolving [ 'http://r.cnpmjs.org/', './base64' ]
21 verbose url resolved http://r.cnpmjs.org/base64
22 info trying registry request attempt 1 at 11:39:06
23 http GET http://r.cnpmjs.org/base64
24 info retry will retry, error on last attempt: Error: getaddrinfo ENOTFOUND
25 info trying registry request attempt 2 at 11:39:51
26 http GET http://r.cnpmjs.org/base64
27 http 200 http://r.cnpmjs.org/base64
28 silly registry.get cb [ 200,
28 silly registry.get   { server: 'nginx/1.4.1 (Ubuntu)',
28 silly registry.get     date: 'Sat, 26 Apr 2014 03:39:56 GMT',
28 silly registry.get     'content-type': 'application/json',
28 silly registry.get     'transfer-encoding': 'chunked',
28 silly registry.get     connection: 'close',
28 silly registry.get     'x-powered-by': 'koa',
28 silly registry.get     vary: 'Accept-Encoding',
28 silly registry.get     etag: '"1386841671000"',
28 silly registry.get     'content-encoding': 'gzip',
28 silly registry.get     'x-readtime': '12847' } ]
29 silly addNameRange number 2 { name: 'base64', range: '*', hasData: true }
30 silly addNameRange versions [ 'base64',
30 silly addNameRange   [ '2.1.0',
30 silly addNameRange     '2.0.7',
30 silly addNameRange     '2.0.6',
30 silly addNameRange     '2.0.4',
30 silly addNameRange     '2.0.3',
30 silly addNameRange     '2.0.2',
30 silly addNameRange     '2.0.1',
30 silly addNameRange     '1.0.1',
30 silly addNameRange     '1.0.0' ] ]
31 verbose addNamed [ 'base64', '2.1.0' ]
32 verbose addNamed [ '2.1.0', '2.1.0' ]
33 silly lockFile 401f2427-base64-2-1-0 base64@2.1.0
34 verbose lock base64@2.1.0 /Users/whwei/.npm/.cache_cnpm/401f2427-base64-2-1-0.lock
35 silly lockFile e2290c1c-base64-download-base64-2-1-0-tgz http://r.cnpmjs.org/base64/download/base64-2.1.0.tgz
36 verbose lock http://r.cnpmjs.org/base64/download/base64-2.1.0.tgz /Users/whwei/.npm/.cache_cnpm/e2290c1c-base64-download-base64-2-1-0-tgz.lock
37 verbose addRemoteTarball [ 'http://r.cnpmjs.org/base64/download/base64-2.1.0.tgz',
37 verbose addRemoteTarball   'c2663daf069203b758fb12b91c516fae87963314' ]
38 info retry fetch attempt 1 at 11:39:56
39 verbose fetch to= /Users/whwei/tmp/npm-7590-oL0QWTY_/1398483596635-0.4222190738655627/tmp.tgz
40 http GET http://r.cnpmjs.org/base64/download/base64-2.1.0.tgz
41 http 200 http://r.cnpmjs.org/base64/download/base64-2.1.0.tgz
42 verbose tar unpack /Users/whwei/tmp/npm-7590-oL0QWTY_/1398483596635-0.4222190738655627/tmp.tgz
43 silly lockFile 75ef5102-96635-0-4222190738655627-package tar:///Users/whwei/tmp/npm-7590-oL0QWTY_/1398483596635-0.4222190738655627/package
44 verbose lock tar:///Users/whwei/tmp/npm-7590-oL0QWTY_/1398483596635-0.4222190738655627/package /Users/whwei/.npm/.cache_cnpm/75ef5102-96635-0-4222190738655627-package.lock
45 silly lockFile 8a750740-96635-0-4222190738655627-tmp-tgz tar:///Users/whwei/tmp/npm-7590-oL0QWTY_/1398483596635-0.4222190738655627/tmp.tgz
46 verbose lock tar:///Users/whwei/tmp/npm-7590-oL0QWTY_/1398483596635-0.4222190738655627/tmp.tgz /Users/whwei/.npm/.cache_cnpm/8a750740-96635-0-4222190738655627-tmp-tgz.lock
47 silly gunzTarPerm modes [ '755', '644' ]
48 silly gunzTarPerm extractEntry package.json
49 silly gunzTarPerm extractEntry .npmignore
50 silly gunzTarPerm extractEntry base64.cc
51 silly gunzTarPerm extractEntry readme.txt
52 silly gunzTarPerm extractEntry test/encode.js
53 silly gunzTarPerm extractEntry test/test.sh
54 silly gunzTarPerm extractEntry test/perl-base64-encode.pl
55 silly gunzTarPerm extractEntry test/hashes.json
56 silly gunzTarPerm extractEntry test/data/data-rand-11
57 silly gunzTarPerm extractEntry test/data/data-rand-06
58 silly gunzTarPerm extractEntry test/data/data-png.png
59 silly gunzTarPerm extractEntry test/data/data-rand-09
60 silly gunzTarPerm extractEntry test/data/data-rand-08
61 silly gunzTarPerm extractEntry test/data/data-rand-05
62 silly gunzTarPerm extractEntry test/data/data-rand-03
63 silly gunzTarPerm extractEntry test/data/data-rand-10
64 silly gunzTarPerm extractEntry test/data/data-rand-13
65 silly gunzTarPerm extractEntry test/data/data-rand-14
66 silly gunzTarPerm extractEntry test/data/data-rand-20
67 silly gunzTarPerm extractEntry test/data/data-source-code.c
68 silly gunzTarPerm extractEntry test/data/data-rand-07
69 silly gunzTarPerm extractEntry test/data/data-rand-02
70 silly gunzTarPerm extractEntry test/data/data-rand-01
71 silly gunzTarPerm extractEntry test/data/data-rand-15
72 silly gunzTarPerm extractEntry test/data/data-rand-18
73 silly gunzTarPerm extractEntry test/data/data-rand-04
74 silly gunzTarPerm extractEntry test/data/data-rand-17
75 silly gunzTarPerm extractEntry test/data/data-rand-12
76 silly gunzTarPerm extractEntry test/data/data-rand-19
77 silly gunzTarPerm extractEntry test/data/data-rand-16
78 silly gunzTarPerm extractEntry package.json~
79 silly gunzTarPerm extractEntry binding.gyp
80 silly lockFile 75ef5102-96635-0-4222190738655627-package tar:///Users/whwei/tmp/npm-7590-oL0QWTY_/1398483596635-0.4222190738655627/package
81 silly lockFile 75ef5102-96635-0-4222190738655627-package tar:///Users/whwei/tmp/npm-7590-oL0QWTY_/1398483596635-0.4222190738655627/package
82 silly lockFile 8a750740-96635-0-4222190738655627-tmp-tgz tar:///Users/whwei/tmp/npm-7590-oL0QWTY_/1398483596635-0.4222190738655627/tmp.tgz
83 silly lockFile 8a750740-96635-0-4222190738655627-tmp-tgz tar:///Users/whwei/tmp/npm-7590-oL0QWTY_/1398483596635-0.4222190738655627/tmp.tgz
84 verbose tar pack [ '/Users/whwei/.npm/.cache_cnpm/base64/2.1.0/package.tgz',
84 verbose tar pack   '/Users/whwei/tmp/npm-7590-oL0QWTY_/1398483596635-0.4222190738655627/package' ]
85 verbose tarball /Users/whwei/.npm/.cache_cnpm/base64/2.1.0/package.tgz
86 verbose folder /Users/whwei/tmp/npm-7590-oL0QWTY_/1398483596635-0.4222190738655627/package
87 silly lockFile 75ef5102-96635-0-4222190738655627-package tar:///Users/whwei/tmp/npm-7590-oL0QWTY_/1398483596635-0.4222190738655627/package
88 verbose lock tar:///Users/whwei/tmp/npm-7590-oL0QWTY_/1398483596635-0.4222190738655627/package /Users/whwei/.npm/.cache_cnpm/75ef5102-96635-0-4222190738655627-package.lock
89 silly lockFile 7a9fa1d0-he-cnpm-base64-2-1-0-package-tgz tar:///Users/whwei/.npm/.cache_cnpm/base64/2.1.0/package.tgz
90 verbose lock tar:///Users/whwei/.npm/.cache_cnpm/base64/2.1.0/package.tgz /Users/whwei/.npm/.cache_cnpm/7a9fa1d0-he-cnpm-base64-2-1-0-package-tgz.lock
91 silly lockFile 75ef5102-96635-0-4222190738655627-package tar:///Users/whwei/tmp/npm-7590-oL0QWTY_/1398483596635-0.4222190738655627/package
92 silly lockFile 75ef5102-96635-0-4222190738655627-package tar:///Users/whwei/tmp/npm-7590-oL0QWTY_/1398483596635-0.4222190738655627/package
93 silly lockFile 7a9fa1d0-he-cnpm-base64-2-1-0-package-tgz tar:///Users/whwei/.npm/.cache_cnpm/base64/2.1.0/package.tgz
94 silly lockFile 7a9fa1d0-he-cnpm-base64-2-1-0-package-tgz tar:///Users/whwei/.npm/.cache_cnpm/base64/2.1.0/package.tgz
95 silly lockFile 866acdd3--cache-cnpm-base64-2-1-0-package /Users/whwei/.npm/.cache_cnpm/base64/2.1.0/package
96 verbose lock /Users/whwei/.npm/.cache_cnpm/base64/2.1.0/package /Users/whwei/.npm/.cache_cnpm/866acdd3--cache-cnpm-base64-2-1-0-package.lock
97 silly lockFile 866acdd3--cache-cnpm-base64-2-1-0-package /Users/whwei/.npm/.cache_cnpm/base64/2.1.0/package
98 silly lockFile 866acdd3--cache-cnpm-base64-2-1-0-package /Users/whwei/.npm/.cache_cnpm/base64/2.1.0/package
99 verbose tar unpack /Users/whwei/.npm/.cache_cnpm/base64/2.1.0/package.tgz
100 silly lockFile 14314fa8--cache-cnpm-base64-2-1-0-package tar:///Users/whwei/.npm/.cache_cnpm/base64/2.1.0/package
101 verbose lock tar:///Users/whwei/.npm/.cache_cnpm/base64/2.1.0/package /Users/whwei/.npm/.cache_cnpm/14314fa8--cache-cnpm-base64-2-1-0-package.lock
102 silly lockFile 7a9fa1d0-he-cnpm-base64-2-1-0-package-tgz tar:///Users/whwei/.npm/.cache_cnpm/base64/2.1.0/package.tgz
103 verbose lock tar:///Users/whwei/.npm/.cache_cnpm/base64/2.1.0/package.tgz /Users/whwei/.npm/.cache_cnpm/7a9fa1d0-he-cnpm-base64-2-1-0-package-tgz.lock
104 silly gunzTarPerm modes [ '755', '644' ]
105 silly gunzTarPerm extractEntry package.json
106 silly gunzTarPerm extractEntry .npmignore
107 silly gunzTarPerm extractEntry base64.cc
108 silly gunzTarPerm extractEntry binding.gyp
109 silly gunzTarPerm extractEntry package.json~
110 silly gunzTarPerm extractEntry readme.txt
111 silly gunzTarPerm extractEntry test/encode.js
112 silly gunzTarPerm extractEntry test/data/data-rand-11
113 silly gunzTarPerm extractEntry test/data/data-png.png
114 silly gunzTarPerm extractEntry test/data/data-rand-02
115 silly gunzTarPerm extractEntry test/data/data-rand-03
116 silly gunzTarPerm extractEntry test/data/data-rand-04
117 silly gunzTarPerm extractEntry test/data/data-rand-05
118 silly gunzTarPerm extractEntry test/data/data-rand-06
119 silly gunzTarPerm extractEntry test/data/data-rand-07
120 silly gunzTarPerm extractEntry test/data/data-rand-08
121 silly gunzTarPerm extractEntry test/data/data-rand-09
122 silly gunzTarPerm extractEntry test/data/data-rand-10
123 silly gunzTarPerm extractEntry test/data/data-rand-01
124 silly gunzTarPerm extractEntry test/data/data-rand-12
125 silly gunzTarPerm extractEntry test/data/data-rand-13
126 silly gunzTarPerm extractEntry test/data/data-rand-14
127 silly gunzTarPerm extractEntry test/data/data-rand-15
128 silly gunzTarPerm extractEntry test/data/data-rand-16
129 silly gunzTarPerm extractEntry test/data/data-rand-17
130 silly gunzTarPerm extractEntry test/data/data-rand-18
131 silly gunzTarPerm extractEntry test/data/data-rand-19
132 silly gunzTarPerm extractEntry test/data/data-rand-20
133 silly gunzTarPerm extractEntry test/data/data-source-code.c
134 silly gunzTarPerm extractEntry test/hashes.json
135 silly gunzTarPerm extractEntry test/perl-base64-encode.pl
136 silly gunzTarPerm extractEntry test/test.sh
137 silly lockFile 14314fa8--cache-cnpm-base64-2-1-0-package tar:///Users/whwei/.npm/.cache_cnpm/base64/2.1.0/package
138 silly lockFile 14314fa8--cache-cnpm-base64-2-1-0-package tar:///Users/whwei/.npm/.cache_cnpm/base64/2.1.0/package
139 silly lockFile 7a9fa1d0-he-cnpm-base64-2-1-0-package-tgz tar:///Users/whwei/.npm/.cache_cnpm/base64/2.1.0/package.tgz
140 silly lockFile 7a9fa1d0-he-cnpm-base64-2-1-0-package-tgz tar:///Users/whwei/.npm/.cache_cnpm/base64/2.1.0/package.tgz
141 verbose chmod /Users/whwei/.npm/.cache_cnpm/base64/2.1.0/package.tgz 644
142 verbose chown /Users/whwei/.npm/.cache_cnpm/base64/2.1.0/package.tgz [ 501, 20 ]
143 silly lockFile e2290c1c-base64-download-base64-2-1-0-tgz http://r.cnpmjs.org/base64/download/base64-2.1.0.tgz
144 silly lockFile e2290c1c-base64-download-base64-2-1-0-tgz http://r.cnpmjs.org/base64/download/base64-2.1.0.tgz
145 silly lockFile 401f2427-base64-2-1-0 base64@2.1.0
146 silly lockFile 401f2427-base64-2-1-0 base64@2.1.0
147 silly lockFile 1817acd8-base64 base64@
148 silly lockFile 1817acd8-base64 base64@
149 silly resolved [ { name: 'base64',
149 silly resolved     version: '2.1.0',
149 silly resolved     main: 'base64',
149 silly resolved     description: 'A C++ module for node-js that does base64 encoding and decoding.',
149 silly resolved     keywords:
149 silly resolved      [ 'base conversion',
149 silly resolved        'base64',
149 silly resolved        'base64 encode',
149 silly resolved        'base64 decode',
149 silly resolved        'base64_encode',
149 silly resolved        'base64_decode',
149 silly resolved        'encode',
149 silly resolved        'decode' ],
149 silly resolved     author:
149 silly resolved      { name: 'Peteris Krumins',
149 silly resolved        email: 'peteris.krumins@gmail.com',
149 silly resolved        url: 'http://www.catonmat.net' },
149 silly resolved     contributors: [ [Object] ],
149 silly resolved     license: 'MIT',
149 silly resolved     repository:
149 silly resolved      { type: 'git',
149 silly resolved        url: 'http://github.com/pkrumins/node-base64.git' },
149 silly resolved     directories: { tests: 'tests' },
149 silly resolved     engines: { node: '>=0.8.0' },
149 silly resolved     scripts: { install: 'node-gyp rebuild' },
149 silly resolved     gypfile: true,
149 silly resolved     readme: 'Update: this module may no longer be necessary as nodejs includes its own\r\nbase64 encoding/decoding functions.\r\n\r\nThis is a node.js C++ module that encodes and decodes to/from base64. Oh, and\r\ncompared to all other modules, it actually works.\r\n\r\nIt was written by Peteris Krumins (peter@catonmat.net).\r\nHis blog is at http://www.catonmat.net  --  good coders code, great reuse.\r\n\r\n------------------------------------------------------------------------------\r\n\r\nTo build the module run:\r\n\r\n    node-waf configure build\r\n\r\nThis will produce `base64.node` binary module. To use it, make sure the\r\nmodule\'s directory is in NODE_PATH.\r\n\r\nThe module exports two functions `encode` and `decode`.\r\n\r\nencode\r\n------\r\n\r\nEncodes a buffer to base64, returns encoded ascii string. Unlike all other\r\nbase64, it actually works well with binary data. If you\'re wondering why it\r\ntakes a buffer as argument, it\'s because there is no way to pass binary\r\nstrings to C++ code in a sane way.\r\n\r\nHere is a basic example:\r\n\r\n    var sys = require(\'sys\');\r\n    var base64_encode = require(\'base64\').encode;\r\n    var Buffer = require(\'buffer\').Buffer;\r\n    \r\n    var buf = new Buffer(\'hello world\');\r\n\r\n    sys.print(base64_encode(buf));\r\n\r\n    /* Output: aGVsbG8gd29ybGQ= */\r\n\r\n\r\ndecode\r\n------\r\n\r\nDecodes a buffer containing base64 string, or just a base64 string to original\r\ndata.\r\n\r\n    var sys = require(\'sys\');\r\n    var base64_decode = require(\'base64\').decode;\r\n\r\n    sys.print(base64_decode(\'aGVsbG8gd29ybGQ=\'));\r\n\r\n    /* Output: hello world */\r\n\r\n\r\n------------------------------------------------------------------------------\r\n\r\n\r\nSGF2ZSBmdW4hCg==\r\n\r\n\r\nSincerely,\r\nPeteris Krumins\r\nhttp://www.catonmat.net\r\n\r\n',
149 silly resolved     readmeFilename: 'readme.txt',
149 silly resolved     bugs: { url: 'https://github.com/pkrumins/node-base64/issues' },
149 silly resolved     homepage: 'https://github.com/pkrumins/node-base64',
149 silly resolved     _id: 'base64@2.1.0',
149 silly resolved     dist: { shasum: '31552d02ed8ba6822c2398d6a76e7e602facf4af' },
149 silly resolved     _from: 'base64@',
149 silly resolved     _resolved: 'http://r.cnpmjs.org/base64/download/base64-2.1.0.tgz' } ]
150 info install base64@2.1.0 into /Users/whwei/src/RFID-Planning
151 info installOne base64@2.1.0
152 info /Users/whwei/src/RFID-Planning/node_modules/base64 unbuild
153 verbose tar unpack /Users/whwei/.npm/.cache_cnpm/base64/2.1.0/package.tgz
154 silly lockFile 49a0b618-FID-Planning-node-modules-base64 tar:///Users/whwei/src/RFID-Planning/node_modules/base64
155 verbose lock tar:///Users/whwei/src/RFID-Planning/node_modules/base64 /Users/whwei/.npm/.cache_cnpm/49a0b618-FID-Planning-node-modules-base64.lock
156 silly lockFile 7a9fa1d0-he-cnpm-base64-2-1-0-package-tgz tar:///Users/whwei/.npm/.cache_cnpm/base64/2.1.0/package.tgz
157 verbose lock tar:///Users/whwei/.npm/.cache_cnpm/base64/2.1.0/package.tgz /Users/whwei/.npm/.cache_cnpm/7a9fa1d0-he-cnpm-base64-2-1-0-package-tgz.lock
158 silly gunzTarPerm modes [ '755', '644' ]
159 silly gunzTarPerm extractEntry package.json
160 silly gunzTarPerm extractEntry .npmignore
161 silly gunzTarPerm extractEntry base64.cc
162 silly gunzTarPerm extractEntry binding.gyp
163 silly gunzTarPerm extractEntry package.json~
164 silly gunzTarPerm extractEntry readme.txt
165 silly gunzTarPerm extractEntry test/encode.js
166 silly gunzTarPerm extractEntry test/data/data-rand-11
167 silly gunzTarPerm extractEntry test/data/data-png.png
168 silly gunzTarPerm extractEntry test/data/data-rand-02
169 silly gunzTarPerm extractEntry test/data/data-rand-03
170 silly gunzTarPerm extractEntry test/data/data-rand-04
171 silly gunzTarPerm extractEntry test/data/data-rand-05
172 silly gunzTarPerm extractEntry test/data/data-rand-06
173 silly gunzTarPerm extractEntry test/data/data-rand-07
174 silly gunzTarPerm extractEntry test/data/data-rand-08
175 silly gunzTarPerm extractEntry test/data/data-rand-09
176 silly gunzTarPerm extractEntry test/data/data-rand-10
177 silly gunzTarPerm extractEntry test/data/data-rand-01
178 silly gunzTarPerm extractEntry test/data/data-rand-12
179 silly gunzTarPerm extractEntry test/data/data-rand-13
180 silly gunzTarPerm extractEntry test/data/data-rand-14
181 silly gunzTarPerm extractEntry test/data/data-rand-15
182 silly gunzTarPerm extractEntry test/data/data-rand-16
183 silly gunzTarPerm extractEntry test/data/data-rand-17
184 silly gunzTarPerm extractEntry test/data/data-rand-18
185 silly gunzTarPerm extractEntry test/data/data-rand-19
186 silly gunzTarPerm extractEntry test/data/data-rand-20
187 silly gunzTarPerm extractEntry test/data/data-source-code.c
188 silly gunzTarPerm extractEntry test/hashes.json
189 silly gunzTarPerm extractEntry test/perl-base64-encode.pl
190 silly gunzTarPerm extractEntry test/test.sh
191 silly lockFile 49a0b618-FID-Planning-node-modules-base64 tar:///Users/whwei/src/RFID-Planning/node_modules/base64
192 silly lockFile 49a0b618-FID-Planning-node-modules-base64 tar:///Users/whwei/src/RFID-Planning/node_modules/base64
193 silly lockFile 7a9fa1d0-he-cnpm-base64-2-1-0-package-tgz tar:///Users/whwei/.npm/.cache_cnpm/base64/2.1.0/package.tgz
194 silly lockFile 7a9fa1d0-he-cnpm-base64-2-1-0-package-tgz tar:///Users/whwei/.npm/.cache_cnpm/base64/2.1.0/package.tgz
195 info preinstall base64@2.1.0
196 verbose readDependencies using package.json deps
197 verbose readDependencies using package.json deps
198 silly resolved []
199 verbose about to build /Users/whwei/src/RFID-Planning/node_modules/base64
200 info build /Users/whwei/src/RFID-Planning/node_modules/base64
201 verbose linkStuff [ false,
201 verbose linkStuff   false,
201 verbose linkStuff   false,
201 verbose linkStuff   '/Users/whwei/src/RFID-Planning/node_modules' ]
202 info linkStuff base64@2.1.0
203 verbose linkBins base64@2.1.0
204 verbose linkMans base64@2.1.0
205 verbose rebuildBundles base64@2.1.0
206 info install base64@2.1.0
207 verbose unsafe-perm in lifecycle false
208 info base64@2.1.0 Failed to exec install script
209 info /Users/whwei/src/RFID-Planning/node_modules/base64 unbuild
210 info preuninstall base64@2.1.0
211 info uninstall base64@2.1.0
212 verbose true,/Users/whwei/src/RFID-Planning/node_modules,/Users/whwei/src/RFID-Planning/node_modules unbuild base64@2.1.0
213 info postuninstall base64@2.1.0
214 error base64@2.1.0 install: `node-gyp rebuild`
214 error Exit status 1
215 error Failed at the base64@2.1.0 install script.
215 error This is most likely a problem with the base64 package,
215 error not with npm itself.
215 error Tell the author that this fails on your system:
215 error     node-gyp rebuild
215 error You can get their info via:
215 error     npm owner ls base64
215 error There is likely additional logging output above.
216 error System Darwin 13.1.0
217 error command "node" "/usr/local/lib/node_modules/cnpm/node_modules/.bin/npm" "--userconfig=/Users/whwei/.cnpmrc" "--disturl=http://dist.cnpmjs.org" "--cache=/Users/whwei/.npm/.cache_cnpm" "--registry=http://r.cnpmjs.org" "install" "base64"
218 error cwd /Users/whwei/src/RFID-Planning
219 error node -v v0.11.11
220 error npm -v 1.4.6
221 error code ELIFECYCLE
222 verbose exit [ 1, true ]
